<?xml version="1.0" encoding="UTF-8"?>
<!-- Generated by org.testng.reporters.JUnitReportReporter -->
<testsuite hostname="LAPTOP-FGNP3911" failures="0" tests="1" name="testNG.AssertionsExample" time="0.037" errors="0" timestamp="2020-09-23T17:58:25 IST" skipped="0">
  <testcase classname="testNG.AssertionsExample" name="checkEqual" time="0.037"/>
  <system-out/>
</testsuite> <!-- testNG.AssertionsExample -->
