<?xml version="1.0" encoding="UTF-8"?>
<!-- Generated by org.testng.reporters.JUnitReportReporter -->
<testsuite hostname="LAPTOP-FGNP3911" failures="0" tests="4" name="testNG.SampleTestCase" time="0.059" errors="0" timestamp="2020-12-23T11:35:16 IST" skipped="0">
  <testcase classname="testNG.SampleTestCase" name="thirdTestcase" time="0.008"/>
  <system-out/>
  <testcase classname="testNG.SampleTestCase" name="secondTestcase" time="0.004"/>
  <system-out/>
  <testcase classname="testNG.SampleTestCase" name="firstTestcase" time="0.042"/>
  <system-out/>
  <testcase classname="testNG.SampleTestCase" name="fourthTestcase" time="0.005"/>
  <system-out/>
</testsuite> <!-- testNG.SampleTestCase -->
