<?xml version="1.0" encoding="UTF-8"?>
<!-- Generated by org.testng.reporters.JUnitReportReporter -->
<testsuite hostname="LAPTOP-FGNP3911" failures="0" tests="3" name="testNG.SuiteExample" time="18.211" errors="0" timestamp="2020-09-22T20:15:52 IST" skipped="0">
  <testcase classname="testNG.SuiteExample" name="openBing" time="4.527"/>
  <system-out/>
  <testcase classname="testNG.SuiteExample" name="openGoogle" time="4.511"/>
  <system-out/>
  <testcase classname="testNG.SuiteExample" name="openYahoo" time="9.173"/>
  <system-out/>
</testsuite> <!-- testNG.SuiteExample -->
