<?xml version="1.0" encoding="UTF-8"?>
<!-- Generated by org.testng.reporters.JUnitReportReporter -->
<testsuite hostname="LAPTOP-FGNP3911" failures="0" tests="3" name="testNG.AnnotationsHierachyExample" time="0.028" errors="0" timestamp="2020-11-24T13:04:54 IST" skipped="0">
  <testcase classname="testNG.AnnotationsHierachyExample" name="test" time="0.013"/>
  <system-out/>
  <testcase classname="testNG.AnnotationsHierachyExample" name="test2" time="0.005"/>
  <system-out/>
  <testcase classname="testNG.AnnotationsHierachyExample" name="test3" time="0.010"/>
  <system-out/>
</testsuite> <!-- testNG.AnnotationsHierachyExample -->
