<?xml version="1.0" encoding="UTF-8"?>
<!-- Generated by org.testng.reporters.JUnitReportReporter -->
<testsuite hostname="LAPTOP-FGNP3911" failures="0" tests="3" name="testNG.DependaciesManagement" time="0.045" errors="0" timestamp="2020-12-23T11:24:02 IST" skipped="0">
  <testcase classname="testNG.DependaciesManagement" name="highersecondary" time="0.004"/>
  <system-out/>
  <testcase classname="testNG.DependaciesManagement" name="degree" time="0.006"/>
  <system-out/>
  <testcase classname="testNG.DependaciesManagement" name="highschool" time="0.035"/>
  <system-out/>
</testsuite> <!-- testNG.DependaciesManagement -->
