<?xml version="1.0" encoding="UTF-8"?>
<!-- Generated by org.testng.reporters.JUnitReportReporter -->
<testsuite hostname="LAPTOP-FGNP3911" failures="0" tests="5" name="testNG.DriveAcar" time="0.054" errors="0" timestamp="2020-12-23T11:25:37 IST" skipped="0">
  <testcase classname="testNG.DriveAcar" name="firstGear" time="0.030"/>
  <system-out/>
  <testcase classname="testNG.DriveAcar" name="startThecar" time="0.006"/>
  <system-out/>
  <testcase classname="testNG.DriveAcar" name="secondGear" time="0.007"/>
  <system-out/>
  <testcase classname="testNG.DriveAcar" name="thirdGear" time="0.007"/>
  <system-out/>
  <testcase classname="testNG.DriveAcar" name="stopThecar" time="0.004"/>
  <system-out/>
</testsuite> <!-- testNG.DriveAcar -->
