<?xml version="1.0" encoding="UTF-8"?>
<!-- Generated by org.testng.reporters.JUnitReportReporter -->
<testsuite hostname="LAPTOP-FGNP3911" failures="0" tests="1" name="testNG.ParameterizationExample" time="0.035" errors="0" timestamp="2020-12-23T11:33:31 IST" skipped="0">
  <testcase classname="testNG.ParameterizationExample" name="printName" time="0.035"/>
  <system-out/>
</testsuite> <!-- testNG.ParameterizationExample -->
