<?xml version="1.0" encoding="UTF-8"?>
<!-- Generated by org.testng.reporters.JUnitReportReporter -->
<testsuite hostname="LAPTOP-FGNP3911" failures="0" tests="6" name="testNG.SkipTheCase" time="0.050" errors="0" timestamp="2020-12-23T11:35:57 IST" skipped="1">
  <testcase classname="testNG.SkipTheCase" name="startThecar" time="0.034"/>
  <system-out/>
  <testcase classname="testNG.SkipTheCase" name="firstGear" time="0.005"/>
  <system-out/>
  <testcase classname="testNG.SkipTheCase" name="secondGear" time="0.003"/>
  <system-out/>
  <testcase classname="testNG.SkipTheCase" name="thirdGear" time="0.005"/>
  <system-out/>
  <testcase classname="testNG.SkipTheCase" name="stopThecar" time="0.003"/>
  <system-out/>
  <testcase classname="testNG.SkipTheCase" name="musicOn">
    <skipped/>
  </testcase> <!-- musicOn -->
  <system-out/>
</testsuite> <!-- testNG.SkipTheCase -->
