<?xml version="1.0" encoding="UTF-8"?>
<!-- Generated by org.testng.reporters.JUnitReportReporter -->
<testsuite hostname="LAPTOP-FGNP3911" failures="0" tests="2" name="testNG.ParallelTesting" time="32.220" errors="0" timestamp="2020-09-23T17:44:29 IST" skipped="0">
  <testcase classname="testNG.ParallelTesting" name="openBing" time="13.539"/>
  <system-out/>
  <testcase classname="testNG.ParallelTesting" name="openGoogle" time="18.681"/>
  <system-out/>
</testsuite> <!-- testNG.ParallelTesting -->
