<?xml version="1.0" encoding="UTF-8"?>
<!-- Generated by org.testng.reporters.JUnitReportReporter -->
<testsuite hostname="LAPTOP-FGNP3911" failures="0" tests="8" name="testNG.GroupingExample" time="0.052" errors="0" timestamp="2020-12-23T11:27:56 IST" skipped="0">
  <testcase classname="testNG.GroupingExample" name="lenovo2" time="0.002"/>
  <system-out/>
  <testcase classname="testNG.GroupingExample" name="vivo2" time="0.014"/>
  <system-out/>
  <testcase classname="testNG.GroupingExample" name="moto1" time="0.002"/>
  <system-out/>
  <testcase classname="testNG.GroupingExample" name="apple1" time="0.018"/>
  <system-out/>
  <testcase classname="testNG.GroupingExample" name="vivo1" time="0.007"/>
  <system-out/>
  <testcase classname="testNG.GroupingExample" name="moto2" time="0.002"/>
  <system-out/>
  <testcase classname="testNG.GroupingExample" name="apple2" time="0.004"/>
  <system-out/>
  <testcase classname="testNG.GroupingExample" name="lenovo1" time="0.003"/>
  <system-out/>
</testsuite> <!-- testNG.GroupingExample -->
